
The following files have been resolved:
   org.webjars.bowergithub.webcomponents:webcomponentsjs:jar:1.2.6:compile
   org.slf4j:slf4j-api:jar:1.7.32:compile
   org.webjars.bowergithub.polymerelements:iron-validatable-behavior:jar:2.1.0:compile
   org.springframework:spring-websocket:jar:5.3.14:compile
   com.vaadin:vaadin-messages-flow:jar:14.8.4:compile
   com.vaadin:vaadin-combo-box-flow:jar:14.8.4:compile
   com.vaadin:vaadin-login-flow:jar:14.8.4:compile
   jakarta.persistence:jakarta.persistence-api:jar:2.2.3:compile
   org.jsoup:jsoup:jar:1.14.2:compile
   org.apache.commons:commons-lang3:jar:3.12.0:compile
   com.vaadin:vaadin-progress-bar-flow:jar:14.8.4:compile
   org.springframework.boot:spring-boot-starter-validation:jar:2.5.8:compile
   org.glassfish.jaxb:txw2:jar:2.3.5:compile
   com.vaadin:vaadin-confirm-dialog-flow:jar:14.8.4:compile
   com.vaadin:vaadin-radio-button-flow:jar:14.8.4:compile
   org.webjars.bowergithub.polymerelements:iron-a11y-announcer:jar:2.1.0:compile
   org.javassist:javassist:jar:3.27.0-GA:compile
   com.vaadin.external.atmosphere:atmosphere-runtime:jar:2.4.30.slf4jvaadin1:compile
   com.vaadin:vaadin-lumo-theme:jar:2.7.11:compile
   org.apache.tomcat.embed:tomcat-embed-el:jar:9.0.56:compile
   commons-codec:commons-codec:jar:1.15:compile
   com.fasterxml.jackson.module:jackson-module-parameter-names:jar:2.12.6:compile
   com.vaadin:vaadin-menu-bar-flow:jar:14.8.4:compile
   org.vaadin.artur:a-vaadin-helper:jar:1.9.0:compile
   com.vaadin:flow-lit-template:jar:2.7.11:compile
   com.vaadin:flow-push:jar:2.7.11:compile
   org.springframework.boot:spring-boot-starter-json:jar:2.5.8:compile
   com.vaadin:vaadin-grid-flow:jar:14.8.4:compile
   com.vaadin:vaadin-rich-text-editor-flow:jar:14.8.4:compile
   com.vaadin:vaadin-spring:jar:12.4.2:compile
   jakarta.xml.bind:jakarta.xml.bind-api:jar:2.3.3:compile
   org.apache.tomcat.embed:tomcat-embed-core:jar:9.0.56:compile
   org.yaml:snakeyaml:jar:1.28:compile
   com.vaadin:vaadin-iron-list-flow:jar:14.8.4:compile
   org.vaadin.zhe:paper-range-slider:jar:1.0.0:compile
   org.springframework:spring-aspects:jar:5.3.14:compile
   ch.qos.logback:logback-classic:jar:1.2.9:compile
   org.springframework:spring-context:jar:5.3.14:compile
   org.webjars.npm:vaadin__vaadin-mobile-drag-drop:jar:1.0.0:compile
   org.springframework.boot:spring-boot-starter-tomcat:jar:2.5.8:compile
   com.vaadin:flow-data:jar:2.7.11:compile
   org.springframework:spring-webmvc:jar:5.3.14:compile
   org.apache.httpcomponents:httpclient:jar:4.5.13:compile
   org.webjars.bowergithub.polymerelements:paper-styles:jar:2.1.0:compile
   org.vaadin.stefan:fullcalendar2:jar:4.1.2:compile
   org.springframework.data:spring-data-jpa:jar:2.5.7:compile
   org.webjars.bowergithub.polymerelements:iron-a11y-keys-behavior:jar:2.1.1:compile
   com.fasterxml.jackson.datatype:jackson-datatype-jdk8:jar:2.12.6:compile
   org.glassfish.jaxb:jaxb-runtime:jar:2.3.5:compile
   org.springframework.data:spring-data-commons:jar:2.5.7:compile
   com.vaadin:vaadin-avatar-flow:jar:14.8.4:compile
   org.springframework:spring-web:jar:5.3.14:compile
   org.springframework.boot:spring-boot-starter:jar:2.5.8:compile
   org.webjars.bowergithub.polymerelements:paper-input:jar:2.2.3:compile
   org.aspectj:aspectjweaver:jar:1.9.7:compile
   org.jboss:jandex:jar:2.2.3.Final:compile
   org.springframework:spring-tx:jar:5.3.14:compile
   org.hibernate.common:hibernate-commons-annotations:jar:5.1.2.Final:compile
   org.springframework.boot:spring-boot-starter-jdbc:jar:2.5.8:compile
   net.bytebuddy:byte-buddy:jar:1.10.22:compile
   org.webjars.bowergithub.polymerelements:iron-autogrow-textarea:jar:2.2.0:compile
   org.slf4j:jul-to-slf4j:jar:1.7.32:compile
   com.vaadin:vaadin:jar:14.8.4:compile
   jakarta.validation:jakarta.validation-api:jar:2.0.2:compile
   com.helger:ph-commons:jar:9.1.2:compile
   com.vaadin:vaadin-tabs-flow:jar:14.8.4:compile
   com.vaadin:vaadin-board-flow:jar:14.8.4:compile
   org.webjars.bowergithub.polymerelements:iron-range-behavior:jar:2.1.1:compile
   com.vaadin:vaadin-split-layout-flow:jar:14.8.4:compile
   org.vaadin.artur:spring-data-provider:jar:2.1.0:compile
   com.vaadin:exampledata:jar:4.1.1:compile
   com.fasterxml:classmate:jar:1.5.1:compile
   commons-fileupload:commons-fileupload:jar:1.3.3:compile
   com.vaadin:vaadin-ordered-layout-flow:jar:14.8.4:compile
   org.webjars.bowergithub.polymerelements:paper-progress:jar:2.1.1:compile
   org.webjars.bowergithub.polymerelements:iron-behaviors:jar:2.1.1:compile
   org.springframework:spring-jdbc:jar:5.3.14:compile
   org.springframework.boot:spring-boot-devtools:jar:2.5.8:compile
   com.vaadin:vaadin-checkbox-flow:jar:14.8.4:compile
   ch.qos.logback:logback-core:jar:1.2.9:compile
   com.vaadin.external.gwt:gwt-elemental:jar:2.8.2.vaadin2:compile
   org.webjars.bowergithub.polymerelements:iron-meta:jar:2.1.1:compile
   org.springframework.boot:spring-boot-starter-web:jar:2.5.8:compile
   org.webjars.npm:mobile-drag-drop:jar:2.3.0-rc.1:compile
   com.vaadin:vaadin-list-box-flow:jar:14.8.4:compile
   com.vaadin:vaadin-context-menu-flow:jar:14.8.4:compile
   javax.validation:validation-api:jar:2.0.1.Final:compile
   org.webjars.bowergithub.polymerelements:iron-checked-element-behavior:jar:2.1.1:compile
   com.vaadin:vaadin-cookie-consent-flow:jar:14.8.4:compile
   org.springframework:spring-expression:jar:5.3.14:compile
   org.springframework.boot:spring-boot:jar:2.5.8:compile
   org.jboss.logging:jboss-logging:jar:3.4.2.Final:compile
   antlr:antlr:jar:2.7.7:compile
   jakarta.annotation:jakarta.annotation-api:jar:1.3.5:compile
   com.vaadin:vaadin-dialog-flow:jar:14.8.4:compile
   org.springframework:spring-beans:jar:5.3.14:compile
   com.sun.istack:istack-commons-runtime:jar:3.0.12:compile
   jakarta.activation:jakarta.activation-api:jar:1.2.2:compile
   com.vaadin:vaadin-form-layout-flow:jar:14.8.4:compile
   com.vaadin:vaadin-crud-flow:jar:14.8.4:compile
   com.vaadin:flow-server:jar:2.7.11:compile
   com.vaadin:vaadin-text-field-flow:jar:14.8.4:compile
   org.webjars.bowergithub.polymerelements:iron-form-element-behavior:jar:2.1.3:compile
   org.webjars.bowergithub.polymerelements:iron-flex-layout:jar:2.0.3:compile
   org.apache.logging.log4j:log4j-to-slf4j:jar:2.17.0:compile
   org.webjars.bowergithub.polymerelements:paper-behaviors:jar:2.1.1:compile
   org.dom4j:dom4j:jar:2.1.3:compile
   org.springframework.boot:spring-boot-starter-data-jpa:jar:2.5.8:compile
   com.vaadin:flow-html-components:jar:2.7.11:compile
   com.vaadin:vaadin-charts-flow:jar:14.8.4:compile
   org.webjars.bowergithub.polymer:polymer:jar:2.7.0:compile
   com.helger:ph-css:jar:6.1.1:compile
   org.apache.tomcat.embed:tomcat-embed-websocket:jar:9.0.56:compile
   com.vaadin:vaadin-app-layout-flow:jar:14.8.4:compile
   commons-io:commons-io:jar:2.7:compile
   org.webjars.bowergithub.iftachsadeh:paper-range-slider:jar:1.0.4:compile
   com.fasterxml.jackson.core:jackson-core:jar:2.12.6:compile
   com.vaadin:flow-client:jar:2.7.11:compile
   org.springframework:spring-core:jar:5.3.14:compile
   com.vaadin:vaadin-select-flow:jar:14.8.4:compile
   com.sun.activation:jakarta.activation:jar:1.2.2:runtime
   jakarta.transaction:jakarta.transaction-api:jar:1.3.3:compile
   org.apache.commons:commons-compress:jar:1.21:compile
   org.webjars.bowergithub.webcomponents:shadycss:jar:1.8.0:compile
   com.fasterxml.jackson.core:jackson-databind:jar:2.12.6:compile
   org.springframework.boot:spring-boot-autoconfigure:jar:2.5.8:compile
   com.vaadin:vaadin-material-theme:jar:2.7.11:compile
   com.vaadin:vaadin-grid-pro-flow:jar:14.8.4:compile
   com.github.appreciated:color-picker-field-flow:jar:2.0.0.beta6:compile
   com.vaadin:vaadin-upload-flow:jar:14.8.4:compile
   com.vaadin:vaadin-time-picker-flow:jar:14.8.4:compile
   com.vaadin.external:gentyref:jar:1.2.0.vaadin1:compile
   com.vaadin:flow-dnd:jar:2.7.11:compile
   com.vaadin:vaadin-core:jar:14.8.4:compile
   org.hibernate.validator:hibernate-validator:jar:6.2.0.Final:compile
   org.springframework:spring-jcl:jar:5.3.14:compile
   com.vaadin:vaadin-button-flow:jar:14.8.4:compile
   com.vaadin:vaadin-date-picker-flow:jar:14.8.4:compile
   com.vaadin:vaadin-notification-flow:jar:14.8.4:compile
   com.vaadin:vaadin-spring-boot-starter:jar:14.8.4:compile
   org.springframework:spring-orm:jar:5.3.14:compile
   com.h2database:h2:jar:1.4.200:compile
   org.springframework.boot:spring-boot-starter-aop:jar:2.5.8:compile
   org.apache.logging.log4j:log4j-api:jar:2.17.0:compile
   com.vaadin:vaadin-icons-flow:jar:14.8.4:compile
   com.vaadin:vaadin-accordion-flow:jar:14.8.4:compile
   org.webjars.bowergithub.polymerelements:iron-input:jar:2.1.3:compile
   com.vaadin:vaadin-details-flow:jar:14.8.4:compile
   org.springframework:spring-aop:jar:5.3.14:compile
   com.zaxxer:HikariCP:jar:4.0.3:compile
   org.hibernate:hibernate-core:jar:5.4.33:compile
   org.apache.httpcomponents:httpcore:jar:4.4.15:compile
   org.webjars.bowergithub.polymerelements:font-roboto:jar:1.1.0:compile
   org.webjars.bowergithub.polymerelements:paper-ripple:jar:2.1.1:compile
   com.vaadin:vaadin-custom-field-flow:jar:14.8.4:compile
   com.fasterxml.jackson.datatype:jackson-datatype-jsr310:jar:2.12.6:compile
   com.github.appreciated:color-picker-flow:jar:2.0.0.beta3:compile
   com.fasterxml.jackson.core:jackson-annotations:jar:2.12.6:compile
   org.springframework.boot:spring-boot-starter-logging:jar:2.5.8:compile
   com.vaadin:vaadin-date-time-picker-flow:jar:14.8.4:compile

